# JRE version: Java(TM) SE Runtime Environment (8.0_131-b11) (build 1.8.0_131-b11)
# Java VM: Java HotSpot(TM) 64-Bit Server VM (25.131-b11 mixed mode linux-amd64 compressed oops)
Heap:
 PSYoungGen      total 608768K, used 22001K [0x00000000d6780000, 0x00000000fd380000, 0x0000000100000000)
  eden space 586752K, 0% used [0x00000000d6780000,0x00000000d6780000,0x00000000fa480000)
  from space 22016K, 99% used [0x00000000fa880000,0x00000000fbdfc678,0x00000000fbe00000)
  to   space 16896K, 0% used [0x00000000fc300000,0x00000000fc300000,0x00000000fd380000)
 ParOldGen       total 80896K, used 43515K [0x0000000083600000, 0x0000000088500000, 0x00000000d6780000)
  object space 80896K, 53% used [0x0000000083600000,0x000000008607eca8,0x0000000088500000)
 Metaspace       used 45041K, capacity 45752K, committed 45824K, reserved 1089536K
  class space    used 5657K, capacity 5844K, committed 5888K, reserved 1048576K
GC Heap History (10 events):
Event: 8.448 GC heap after
Heap after GC invocations=8 (full 1):
 PSYoungGen      total 269312K, used 6228K [0x00000000d6780000, 0x00000000f1b80000, 0x0000000100000000)
  eden space 257024K, 0% used [0x00000000d6780000,0x00000000d6780000,0x00000000e6280000)
  from space 12288K, 50% used [0x00000000e6280000,0x00000000e68952a0,0x00000000e6e80000)
  to   space 11776K, 0% used [0x00000000f1000000,0x00000000f1000000,0x00000000f1b80000)
 ParOldGen       total 54272K, used 9057K [0x0000000083600000, 0x0000000086b00000, 0x00000000d6780000)
  object space 54272K, 16% used [0x0000000083600000,0x0000000083ed8670,0x0000000086b00000)
 Metaspace       used 25432K, capacity 25830K, committed 26112K, reserved 1073152K
  class space    used 3174K, capacity 3287K, committed 3328K, reserved 1048576K
}
Event: 10.967 GC heap before
{Heap before GC invocations=9 (full 1):
 PSYoungGen      total 269312K, used 263252K [0x00000000d6780000, 0x00000000f1b80000, 0x0000000100000000)
  eden space 257024K, 100% used [0x00000000d6780000,0x00000000e6280000,0x00000000e6280000)
  from space 12288K, 50% used [0x00000000e6280000,0x00000000e68952a0,0x00000000e6e80000)
  to   space 11776K, 0% used [0x00000000f1000000,0x00000000f1000000,0x00000000f1b80000)
 ParOldGen       total 54272K, used 9057K [0x0000000083600000, 0x0000000086b00000, 0x00000000d6780000)
  object space 54272K, 16% used [0x0000000083600000,0x0000000083ed8670,0x0000000086b00000)
 Metaspace       used 32685K, capacity 33046K, committed 33408K, reserved 1079296K
  class space    used 4063K, capacity 4138K, committed 4224K, reserved 1048576K
Event: 10.991 GC heap after
Heap after GC invocations=9 (full 1):
 PSYoungGen      total 430592K, used 11763K [0x00000000d6780000, 0x00000000f3a00000, 0x0000000100000000)
  eden space 418816K, 0% used [0x00000000d6780000,0x00000000d6780000,0x00000000f0080000)
  from space 11776K, 99% used [0x00000000f1000000,0x00000000f1b7cd18,0x00000000f1b80000)
  to   space 15872K, 0% used [0x00000000f0080000,0x00000000f0080000,0x00000000f1000000)
 ParOldGen       total 54272K, used 14854K [0x0000000083600000, 0x0000000086b00000, 0x00000000d6780000)
  object space 54272K, 27% used [0x0000000083600000,0x0000000084481be0,0x0000000086b00000)
 Metaspace       used 32685K, capacity 33046K, committed 33408K, reserved 1079296K
  class space    used 4063K, capacity 4138K, committed 4224K, reserved 1048576K
}
Event: 11.863 GC heap before
{Heap before GC invocations=10 (full 1):
 PSYoungGen      total 430592K, used 125319K [0x00000000d6780000, 0x00000000f3a00000, 0x0000000100000000)
  eden space 418816K, 27% used [0x00000000d6780000,0x00000000dd664ef0,0x00000000f0080000)
  from space 11776K, 99% used [0x00000000f1000000,0x00000000f1b7cd18,0x00000000f1b80000)
  to   space 15872K, 0% used [0x00000000f0080000,0x00000000f0080000,0x00000000f1000000)
 ParOldGen       total 54272K, used 14854K [0x0000000083600000, 0x0000000086b00000, 0x00000000d6780000)
  object space 54272K, 27% used [0x0000000083600000,0x0000000084481be0,0x0000000086b00000)
 Metaspace       used 34831K, capacity 35194K, committed 35456K, reserved 1081344K
  class space    used 4286K, capacity 4400K, committed 4480K, reserved 1048576K
Event: 11.892 GC heap after
Heap after GC invocations=10 (full 1):
 PSYoungGen      total 434688K, used 13196K [0x00000000d6780000, 0x00000000fd380000, 0x0000000100000000)
  eden space 418816K, 0% used [0x00000000d6780000,0x00000000d6780000,0x00000000f0080000)
  from space 15872K, 83% used [0x00000000f0080000,0x00000000f0d63110,0x00000000f1000000)
  to   space 16896K, 0% used [0x00000000fc300000,0x00000000fc300000,0x00000000fd380000)
 ParOldGen       total 54272K, used 17442K [0x0000000083600000, 0x0000000086b00000, 0x00000000d6780000)
  object space 54272K, 32% used [0x0000000083600000,0x0000000084708bf0,0x0000000086b00000)
 Metaspace       used 34831K, capacity 35194K, committed 35456K, reserved 1081344K
  class space    used 4286K, capacity 4400K, committed 4480K, reserved 1048576K
}
Event: 11.892 GC heap before
{Heap before GC invocations=11 (full 2):
 PSYoungGen      total 434688K, used 13196K [0x00000000d6780000, 0x00000000fd380000, 0x0000000100000000)
  eden space 418816K, 0% used [0x00000000d6780000,0x00000000d6780000,0x00000000f0080000)
  from space 15872K, 83% used [0x00000000f0080000,0x00000000f0d63110,0x00000000f1000000)
  to   space 16896K, 0% used [0x00000000fc300000,0x00000000fc300000,0x00000000fd380000)
 ParOldGen       total 54272K, used 17442K [0x0000000083600000, 0x0000000086b00000, 0x00000000d6780000)
  object space 54272K, 32% used [0x0000000083600000,0x0000000084708bf0,0x0000000086b00000)
 Metaspace       used 34831K, capacity 35194K, committed 35456K, reserved 1081344K
  class space    used 4286K, capacity 4400K, committed 4480K, reserved 1048576K
Event: 11.995 GC heap after
Heap after GC invocations=11 (full 2):
 PSYoungGen      total 434688K, used 0K [0x00000000d6780000, 0x00000000fd380000, 0x0000000100000000)
  eden space 418816K, 0% used [0x00000000d6780000,0x00000000d6780000,0x00000000f0080000)
  from space 15872K, 0% used [0x00000000f0080000,0x00000000f0080000,0x00000000f1000000)
  to   space 16896K, 0% used [0x00000000fc300000,0x00000000fc300000,0x00000000fd380000)
 ParOldGen       total 80896K, used 24301K [0x0000000083600000, 0x0000000088500000, 0x00000000d6780000)
  object space 80896K, 30% used [0x0000000083600000,0x0000000084dbb5b8,0x0000000088500000)
 Metaspace       used 34831K, capacity 35194K, committed 35456K, reserved 1081344K
  class space    used 4286K, capacity 4400K, committed 4480K, reserved 1048576K
}
Event: 15.213 GC heap before
{Heap before GC invocations=12 (full 2):
 PSYoungGen      total 434688K, used 418816K [0x00000000d6780000, 0x00000000fd380000, 0x0000000100000000)
  eden space 418816K, 100% used [0x00000000d6780000,0x00000000f0080000,0x00000000f0080000)
  from space 15872K, 0% used [0x00000000f0080000,0x00000000f0080000,0x00000000f1000000)
  to   space 16896K, 0% used [0x00000000fc300000,0x00000000fc300000,0x00000000fd380000)
 ParOldGen       total 80896K, used 24301K [0x0000000083600000, 0x0000000088500000, 0x00000000d6780000)
  object space 80896K, 30% used [0x0000000083600000,0x0000000084dbb5b8,0x0000000088500000)
 Metaspace       used 38877K, capacity 39364K, committed 39552K, reserved 1083392K
  class space    used 4857K, capacity 4991K, committed 4992K, reserved 1048576K
Event: 15.249 GC heap after
Heap after GC invocations=12 (full 2):
 PSYoungGen      total 603648K, used 16873K [0x00000000d6780000, 0x00000000fd380000, 0x0000000100000000)
  eden space 586752K, 0% used [0x00000000d6780000,0x00000000d6780000,0x00000000fa480000)
  from space 16896K, 99% used [0x00000000fc300000,0x00000000fd37a4c0,0x00000000fd380000)
  to   space 22016K, 0% used [0x00000000fa880000,0x00000000fa880000,0x00000000fbe00000)
 ParOldGen       total 80896K, used 31509K [0x0000000083600000, 0x0000000088500000, 0x00000000d6780000)
  object space 80896K, 38% used [0x0000000083600000,0x00000000854c5748,0x0000000088500000)
 Metaspace       used 38877K, capacity 39364K, committed 39552K, reserved 1083392K
  class space    used 4857K, capacity 4991K, committed 4992K, reserved 1048576K
}
Event: 19.697 GC heap before
{Heap before GC invocations=13 (full 2):
 PSYoungGen      total 603648K, used 603625K [0x00000000d6780000, 0x00000000fd380000, 0x0000000100000000)
  eden space 586752K, 100% used [0x00000000d6780000,0x00000000fa480000,0x00000000fa480000)
  from space 16896K, 99% used [0x00000000fc300000,0x00000000fd37a4c0,0x00000000fd380000)
  to   space 22016K, 0% used [0x00000000fa880000,0x00000000fa880000,0x00000000fbe00000)
 ParOldGen       total 80896K, used 31509K [0x0000000083600000, 0x0000000088500000, 0x00000000d6780000)
  object space 80896K, 38% used [0x0000000083600000,0x00000000854c5748,0x0000000088500000)
 Metaspace       used 45041K, capacity 45752K, committed 45824K, reserved 1089536K
  class space    used 5657K, capacity 5844K, committed 5888K, reserved 1048576K

